c:\users\asus\desktop\10 - 3d house\debug\example1.pch
c:\users\asus\desktop\10 - 3d house\debug\vc120.pdb
c:\users\asus\desktop\10 - 3d house\debug\stdafx.obj
c:\users\asus\desktop\10 - 3d house\debug\texture.obj
c:\users\asus\desktop\10 - 3d house\debug\example1.obj
c:\users\asus\desktop\10 - 3d house\debug\assemblyinfo.obj
c:\users\asus\desktop\10 - 3d house\debug\.netframework,version=v4.0.assemblyattributes.obj
c:\users\asus\desktop\10 - 3d house\debug\example1.exe
c:\users\asus\desktop\10 - 3d house\debug\example1.pdb
c:\users\asus\desktop\10 - 3d house\debug\app.res
c:\users\asus\desktop\10 - 3d house\debug\example1.vcxprojresolveassemblyreference.cache
c:\users\asus\desktop\10 - 3d house\debug\example1.exe.metagen
c:\users\asus\desktop\10 - 3d house\debug\example1.tlog\cl.command.1.tlog
c:\users\asus\desktop\10 - 3d house\debug\example1.tlog\cl.read.1.tlog
c:\users\asus\desktop\10 - 3d house\debug\example1.tlog\cl.write.1.tlog
c:\users\asus\desktop\10 - 3d house\debug\example1.tlog\link.command.1.tlog
c:\users\asus\desktop\10 - 3d house\debug\example1.tlog\link.read.1.tlog
c:\users\asus\desktop\10 - 3d house\debug\example1.tlog\link.write.1.tlog
c:\users\asus\desktop\10 - 3d house\debug\example1.tlog\metagen.read.1.tlog
c:\users\asus\desktop\10 - 3d house\debug\example1.tlog\metagen.write.1.tlog
c:\users\asus\desktop\10 - 3d house\debug\example1.tlog\rc.command.1.tlog
c:\users\asus\desktop\10 - 3d house\debug\example1.tlog\rc.read.1.tlog
c:\users\asus\desktop\10 - 3d house\debug\example1.tlog\rc.write.1.tlog
c:\users\asus\desktop\10 - 3d house\debug\example1.tlog\tzres.dll.bi
